c:\users\martin\source\repos\boost test\dll1\x64\debug\a.pch
c:\users\martin\source\repos\boost test\dll1\x64\debug\vc143.pdb
c:\users\martin\source\repos\boost test\dll1\x64\debug\vc143.idb
c:\users\martin\source\repos\boost test\dll1\x64\debug\pch.obj
c:\users\martin\source\repos\boost test\dll1\x64\debug\dllmain.obj
c:\users\martin\source\repos\boost test\x64\debug\a.dll
c:\users\martin\source\repos\boost test\x64\debug\a.pdb
c:\users\martin\source\repos\boost test\x64\debug\a.lib
c:\users\martin\source\repos\boost test\x64\debug\a.exp
c:\users\martin\source\repos\boost test\dll1\x64\debug\a.ilk
c:\users\martin\source\repos\boost test\dll1\x64\debug\dll1.ilk
c:\users\martin\source\repos\boost test\dll1\x64\debug\dll1.pch
c:\users\martin\source\repos\boost test\dll1\x64\debug\a.tlog\cl.command.1.tlog
c:\users\martin\source\repos\boost test\dll1\x64\debug\a.tlog\cl.items.tlog
c:\users\martin\source\repos\boost test\dll1\x64\debug\a.tlog\cl.read.1.tlog
c:\users\martin\source\repos\boost test\dll1\x64\debug\a.tlog\cl.write.1.tlog
c:\users\martin\source\repos\boost test\dll1\x64\debug\a.tlog\link.command.1.tlog
c:\users\martin\source\repos\boost test\dll1\x64\debug\a.tlog\link.read.1.tlog
c:\users\martin\source\repos\boost test\dll1\x64\debug\a.tlog\link.secondary.1.tlog
c:\users\martin\source\repos\boost test\dll1\x64\debug\a.tlog\link.write.1.tlog
